2025-08-15 08:10:18 - c.c.project.ProjectApplication - Starting ProjectApplication using Java 21.0.7 with PID 7728 (C:\Users\caio.amaro\Desktop\pitch-final-entra21-backend\project\target\classes started by caio.amaro in C:\Users\caio.amaro\Desktop\pitch-final-entra21-backend)
2025-08-15 08:10:18 - c.c.project.ProjectApplication - No active profile set, falling back to 1 default profile: "default"
2025-08-15 08:10:18 - o.s.b.d.e.DevToolsPropertyDefaultsPostProcessor - Devtools property defaults active! Set 'spring.devtools.add-properties' to 'false' to disable
2025-08-15 08:10:18 - o.s.b.d.e.DevToolsPropertyDefaultsPostProcessor - For additional web related logging consider setting the 'logging.level.web' property to 'DEBUG'
2025-08-15 08:10:19 - o.s.d.r.c.RepositoryConfigurationDelegate - Bootstrapping Spring Data JPA repositories in DEFAULT mode.
2025-08-15 08:10:19 - o.s.d.r.c.RepositoryConfigurationDelegate - Finished Spring Data repository scanning in 64 ms. Found 9 JPA repository interfaces.
2025-08-15 08:10:19 - o.s.b.w.e.tomcat.TomcatWebServer - Tomcat initialized with port 8080 (http)
2025-08-15 08:10:19 - o.a.catalina.core.StandardService - Starting service [Tomcat]
2025-08-15 08:10:19 - o.a.catalina.core.StandardEngine - Starting Servlet engine: [Apache Tomcat/10.1.43]
2025-08-15 08:10:20 - o.a.c.c.C.[Tomcat].[localhost].[/] - Initializing Spring embedded WebApplicationContext
2025-08-15 08:10:20 - o.s.b.w.s.c.ServletWebServerApplicationContext - Root WebApplicationContext: initialization completed in 1647 ms
2025-08-15 08:10:20 - com.zaxxer.hikari.HikariDataSource - HikariPool-1 - Starting...
2025-08-15 08:10:20 - i.o.api.GlobalOpenTelemetry - AutoConfiguredOpenTelemetrySdk found on classpath but automatic configuration is disabled. To enable, run your JVM with -Dotel.java.global-autoconfigure.enabled=true
2025-08-15 08:10:20 - com.zaxxer.hikari.pool.HikariPool - HikariPool-1 - Added connection com.mysql.cj.jdbc.ConnectionImpl@1a4aabc
2025-08-15 08:10:20 - com.zaxxer.hikari.HikariDataSource - HikariPool-1 - Start completed.
2025-08-15 08:10:20 - org.flywaydb.core.FlywayExecutor - Database: jdbc:mysql://localhost:3306/checkbuy?createDatabaseIfNotExist=true (MySQL 8.0)
2025-08-15 08:10:20 - o.f.core.internal.command.DbValidate - Successfully validated 4 migrations (execution time 00:00.066s)
2025-08-15 08:10:20 - o.f.core.internal.command.DbMigrate - Current version of schema `checkbuy`: 4
2025-08-15 08:10:20 - o.f.core.internal.command.DbMigrate - Schema `checkbuy` is up to date. No migration necessary.
2025-08-15 08:10:20 - o.h.jpa.internal.util.LogHelper - HHH000204: Processing PersistenceUnitInfo [name: default]
2025-08-15 08:10:21 - org.hibernate.Version - HHH000412: Hibernate ORM core version 6.6.22.Final
2025-08-15 08:10:21 - o.h.c.i.RegionFactoryInitiator - HHH000026: Second-level cache disabled
2025-08-15 08:10:21 - o.s.o.j.p.SpringPersistenceUnitInfo - No LoadTimeWeaver setup: ignoring JPA class transformer
2025-08-15 08:10:21 - org.hibernate.orm.deprecation - HHH90000025: MySQL8Dialect does not need to be specified explicitly using 'hibernate.dialect' (remove the property setting and it will be selected by default)
2025-08-15 08:10:21 - org.hibernate.orm.deprecation - HHH90000026: MySQL8Dialect has been deprecated; use org.hibernate.dialect.MySQLDialect instead
2025-08-15 08:10:21 - o.hibernate.orm.connections.pooling - HHH10001005: Database info:
	Database JDBC URL [Connecting through datasource 'HikariDataSource (HikariPool-1)']
	Database driver: undefined/unknown
	Database version: 8.0
	Autocommit mode: undefined/unknown
	Isolation level: undefined/unknown
	Minimum pool size: undefined/unknown
	Maximum pool size: undefined/unknown
2025-08-15 08:10:22 - o.h.e.t.j.p.i.JtaPlatformInitiator - HHH000489: No JTA platform available (set 'hibernate.transaction.jta.platform' to enable JTA platform integration)
2025-08-15 08:10:22 - o.s.o.j.LocalContainerEntityManagerFactoryBean - Initialized JPA EntityManagerFactory for persistence unit 'default'
2025-08-15 08:10:27 - o.s.b.a.o.j.JpaBaseConfiguration$JpaWebConfiguration - spring.jpa.open-in-view is enabled by default. Therefore, database queries may be performed during view rendering. Explicitly configure spring.jpa.open-in-view to disable this warning
2025-08-15 08:10:28 - o.s.b.d.a.OptionalLiveReloadServer - LiveReload server is running on port 35729
2025-08-15 08:10:28 - o.s.b.w.e.tomcat.TomcatWebServer - Tomcat started on port 8080 (http) with context path '/'
2025-08-15 08:10:28 - c.c.project.ProjectApplication - Started ProjectApplication in 10.652 seconds (process running for 11.558)
2025-08-15 08:11:16 - o.a.c.c.C.[Tomcat].[localhost].[/] - Initializing Spring DispatcherServlet 'dispatcherServlet'
2025-08-15 08:11:16 - o.s.web.servlet.DispatcherServlet - Initializing Servlet 'dispatcherServlet'
2025-08-15 08:11:16 - o.s.web.servlet.DispatcherServlet - Completed initialization in 1 ms
2025-08-15 08:11:31 - o.s.w.s.m.m.a.ExceptionHandlerExceptionResolver - Resolved [com.checkbuy.project.domain.exception.ProdutoReferenciaNaoEncontrado: Produto Referência ID: 9 não foi encontrado!]
2025-08-15 08:17:38 - o.s.b.w.e.tomcat.GracefulShutdown - Commencing graceful shutdown. Waiting for active requests to complete
2025-08-15 08:17:38 - o.s.b.w.e.tomcat.GracefulShutdown - Graceful shutdown complete
2025-08-15 08:17:38 - o.s.o.j.LocalContainerEntityManagerFactoryBean - Closing JPA EntityManagerFactory for persistence unit 'default'
2025-08-15 08:17:38 - com.zaxxer.hikari.HikariDataSource - HikariPool-1 - Shutdown initiated...
2025-08-15 08:17:38 - com.zaxxer.hikari.HikariDataSource - HikariPool-1 - Shutdown completed.
2025-08-15 08:22:54 - c.c.project.ProjectApplication - Starting ProjectApplication using Java 21.0.7 with PID 5512 (C:\Users\caio.amaro\Desktop\pitch-final-entra21-backend\project\target\classes started by caio.amaro in C:\Users\caio.amaro\Desktop\pitch-final-entra21-backend)
2025-08-15 08:22:54 - c.c.project.ProjectApplication - No active profile set, falling back to 1 default profile: "default"
2025-08-15 08:22:54 - o.s.b.d.e.DevToolsPropertyDefaultsPostProcessor - Devtools property defaults active! Set 'spring.devtools.add-properties' to 'false' to disable
2025-08-15 08:22:54 - o.s.b.d.e.DevToolsPropertyDefaultsPostProcessor - For additional web related logging consider setting the 'logging.level.web' property to 'DEBUG'
2025-08-15 08:22:55 - o.s.d.r.c.RepositoryConfigurationDelegate - Bootstrapping Spring Data JPA repositories in DEFAULT mode.
2025-08-15 08:22:55 - o.s.d.r.c.RepositoryConfigurationDelegate - Finished Spring Data repository scanning in 67 ms. Found 9 JPA repository interfaces.
2025-08-15 08:22:56 - o.s.b.w.e.tomcat.TomcatWebServer - Tomcat initialized with port 8080 (http)
2025-08-15 08:22:56 - o.a.catalina.core.StandardService - Starting service [Tomcat]
2025-08-15 08:22:56 - o.a.catalina.core.StandardEngine - Starting Servlet engine: [Apache Tomcat/10.1.43]
2025-08-15 08:22:56 - o.a.c.c.C.[Tomcat].[localhost].[/] - Initializing Spring embedded WebApplicationContext
2025-08-15 08:22:56 - o.s.b.w.s.c.ServletWebServerApplicationContext - Root WebApplicationContext: initialization completed in 1667 ms
2025-08-15 08:22:56 - com.zaxxer.hikari.HikariDataSource - HikariPool-1 - Starting...
2025-08-15 08:22:56 - i.o.api.GlobalOpenTelemetry - AutoConfiguredOpenTelemetrySdk found on classpath but automatic configuration is disabled. To enable, run your JVM with -Dotel.java.global-autoconfigure.enabled=true
2025-08-15 08:22:57 - com.zaxxer.hikari.pool.HikariPool - HikariPool-1 - Added connection com.mysql.cj.jdbc.ConnectionImpl@714d47a8
2025-08-15 08:22:57 - com.zaxxer.hikari.HikariDataSource - HikariPool-1 - Start completed.
2025-08-15 08:22:57 - org.flywaydb.core.FlywayExecutor - Database: jdbc:mysql://localhost:3306/checkbuy?createDatabaseIfNotExist=true (MySQL 8.0)
2025-08-15 08:22:57 - o.f.core.internal.command.DbValidate - Successfully validated 4 migrations (execution time 00:00.047s)
2025-08-15 08:22:57 - o.f.core.internal.command.DbMigrate - Current version of schema `checkbuy`: 4
2025-08-15 08:22:57 - o.f.core.internal.command.DbMigrate - Schema `checkbuy` is up to date. No migration necessary.
2025-08-15 08:22:57 - o.h.jpa.internal.util.LogHelper - HHH000204: Processing PersistenceUnitInfo [name: default]
2025-08-15 08:22:57 - org.hibernate.Version - HHH000412: Hibernate ORM core version 6.6.22.Final
2025-08-15 08:22:57 - o.h.c.i.RegionFactoryInitiator - HHH000026: Second-level cache disabled
2025-08-15 08:22:57 - o.s.o.j.p.SpringPersistenceUnitInfo - No LoadTimeWeaver setup: ignoring JPA class transformer
2025-08-15 08:22:57 - org.hibernate.orm.deprecation - HHH90000025: MySQL8Dialect does not need to be specified explicitly using 'hibernate.dialect' (remove the property setting and it will be selected by default)
2025-08-15 08:22:57 - org.hibernate.orm.deprecation - HHH90000026: MySQL8Dialect has been deprecated; use org.hibernate.dialect.MySQLDialect instead
2025-08-15 08:22:57 - o.hibernate.orm.connections.pooling - HHH10001005: Database info:
	Database JDBC URL [Connecting through datasource 'HikariDataSource (HikariPool-1)']
	Database driver: undefined/unknown
	Database version: 8.0
	Autocommit mode: undefined/unknown
	Isolation level: undefined/unknown
	Minimum pool size: undefined/unknown
	Maximum pool size: undefined/unknown
2025-08-15 08:22:58 - o.h.e.t.j.p.i.JtaPlatformInitiator - HHH000489: No JTA platform available (set 'hibernate.transaction.jta.platform' to enable JTA platform integration)
2025-08-15 08:22:58 - o.s.o.j.LocalContainerEntityManagerFactoryBean - Initialized JPA EntityManagerFactory for persistence unit 'default'
2025-08-15 08:23:02 - o.s.b.a.o.j.JpaBaseConfiguration$JpaWebConfiguration - spring.jpa.open-in-view is enabled by default. Therefore, database queries may be performed during view rendering. Explicitly configure spring.jpa.open-in-view to disable this warning
2025-08-15 08:23:03 - o.s.b.d.a.OptionalLiveReloadServer - LiveReload server is running on port 35729
2025-08-15 08:23:03 - o.s.b.w.e.tomcat.TomcatWebServer - Tomcat started on port 8080 (http) with context path '/'
2025-08-15 08:23:03 - c.c.project.ProjectApplication - Started ProjectApplication in 8.954 seconds (process running for 9.82)
2025-08-15 08:23:06 - o.a.c.c.C.[Tomcat].[localhost].[/] - Initializing Spring DispatcherServlet 'dispatcherServlet'
2025-08-15 08:23:06 - o.s.web.servlet.DispatcherServlet - Initializing Servlet 'dispatcherServlet'
2025-08-15 08:23:06 - o.s.web.servlet.DispatcherServlet - Completed initialization in 0 ms
2025-08-15 08:23:07 - o.s.w.s.m.m.a.ExceptionHandlerExceptionResolver - Resolved [com.checkbuy.project.domain.exception.ProdutoReferenciaNaoEncontrado: Produto Referência ID: 0 não foi encontrado!]
2025-08-15 08:23:13 - o.s.w.s.m.m.a.ExceptionHandlerExceptionResolver - Resolved [com.checkbuy.project.domain.exception.ProdutoReferenciaNaoEncontrado: Produto Referência ID: 0 não foi encontrado!]
2025-08-15 08:23:55 - o.s.w.s.m.m.a.ExceptionHandlerExceptionResolver - Resolved [com.checkbuy.project.domain.exception.AliasProdutoReferenciaNaoEncontrado: Alias do Produto: Açúcar Refinado União 1kg não foi encontrado!]
2025-08-15 08:25:38 - o.s.d.w.c.SpringDataJacksonConfiguration$PageModule$WarningLoggingModifier - Serializing PageImpl instances as-is is not supported, meaning that there is no guarantee about the stability of the resulting JSON structure!
	For a stable JSON structure, please use Spring Data's PagedModel (globally via @EnableSpringDataWebSupport(pageSerializationMode = VIA_DTO))
	or Spring HATEOAS and Spring Data's PagedResourcesAssembler as documented in https://docs.spring.io/spring-data/commons/reference/repositories/core-extensions.html#core.web.pageables.

2025-08-15 08:26:27 - o.s.b.w.e.tomcat.GracefulShutdown - Commencing graceful shutdown. Waiting for active requests to complete
2025-08-15 08:26:27 - o.s.b.w.e.tomcat.GracefulShutdown - Graceful shutdown complete
2025-08-15 08:26:27 - o.s.o.j.LocalContainerEntityManagerFactoryBean - Closing JPA EntityManagerFactory for persistence unit 'default'
2025-08-15 08:26:27 - com.zaxxer.hikari.HikariDataSource - HikariPool-1 - Shutdown initiated...
2025-08-15 08:26:27 - com.zaxxer.hikari.HikariDataSource - HikariPool-1 - Shutdown completed.
2025-08-15 08:30:39 - c.c.project.ProjectApplication - Starting ProjectApplication using Java 21.0.7 with PID 19360 (C:\Users\caio.amaro\Desktop\pitch-final-entra21-backend\project\target\classes started by caio.amaro in C:\Users\caio.amaro\Desktop\pitch-final-entra21-backend)
2025-08-15 08:30:39 - c.c.project.ProjectApplication - No active profile set, falling back to 1 default profile: "default"
2025-08-15 08:30:39 - o.s.b.d.e.DevToolsPropertyDefaultsPostProcessor - Devtools property defaults active! Set 'spring.devtools.add-properties' to 'false' to disable
2025-08-15 08:30:39 - o.s.b.d.e.DevToolsPropertyDefaultsPostProcessor - For additional web related logging consider setting the 'logging.level.web' property to 'DEBUG'
2025-08-15 08:30:40 - o.s.d.r.c.RepositoryConfigurationDelegate - Bootstrapping Spring Data JPA repositories in DEFAULT mode.
2025-08-15 08:30:40 - o.s.d.r.c.RepositoryConfigurationDelegate - Finished Spring Data repository scanning in 61 ms. Found 9 JPA repository interfaces.
2025-08-15 08:30:40 - o.s.b.w.e.tomcat.TomcatWebServer - Tomcat initialized with port 8080 (http)
2025-08-15 08:30:40 - o.a.catalina.core.StandardService - Starting service [Tomcat]
2025-08-15 08:30:40 - o.a.catalina.core.StandardEngine - Starting Servlet engine: [Apache Tomcat/10.1.43]
2025-08-15 08:30:40 - o.a.c.c.C.[Tomcat].[localhost].[/] - Initializing Spring embedded WebApplicationContext
2025-08-15 08:30:40 - o.s.b.w.s.c.ServletWebServerApplicationContext - Root WebApplicationContext: initialization completed in 1309 ms
2025-08-15 08:30:41 - com.zaxxer.hikari.HikariDataSource - HikariPool-1 - Starting...
2025-08-15 08:30:41 - i.o.api.GlobalOpenTelemetry - AutoConfiguredOpenTelemetrySdk found on classpath but automatic configuration is disabled. To enable, run your JVM with -Dotel.java.global-autoconfigure.enabled=true
2025-08-15 08:30:41 - com.zaxxer.hikari.pool.HikariPool - HikariPool-1 - Added connection com.mysql.cj.jdbc.ConnectionImpl@6aea8301
2025-08-15 08:30:41 - com.zaxxer.hikari.HikariDataSource - HikariPool-1 - Start completed.
2025-08-15 08:30:41 - org.flywaydb.core.FlywayExecutor - Database: jdbc:mysql://localhost:3306/checkbuy?createDatabaseIfNotExist=true (MySQL 8.0)
2025-08-15 08:30:41 - o.f.core.internal.command.DbValidate - Successfully validated 4 migrations (execution time 00:00.032s)
2025-08-15 08:30:41 - o.f.core.internal.command.DbMigrate - Current version of schema `checkbuy`: 4
2025-08-15 08:30:41 - o.f.core.internal.command.DbMigrate - Schema `checkbuy` is up to date. No migration necessary.
2025-08-15 08:30:41 - o.h.jpa.internal.util.LogHelper - HHH000204: Processing PersistenceUnitInfo [name: default]
2025-08-15 08:30:41 - org.hibernate.Version - HHH000412: Hibernate ORM core version 6.6.22.Final
2025-08-15 08:30:41 - o.h.c.i.RegionFactoryInitiator - HHH000026: Second-level cache disabled
2025-08-15 08:30:42 - o.s.o.j.p.SpringPersistenceUnitInfo - No LoadTimeWeaver setup: ignoring JPA class transformer
2025-08-15 08:30:42 - org.hibernate.orm.deprecation - HHH90000025: MySQL8Dialect does not need to be specified explicitly using 'hibernate.dialect' (remove the property setting and it will be selected by default)
2025-08-15 08:30:42 - org.hibernate.orm.deprecation - HHH90000026: MySQL8Dialect has been deprecated; use org.hibernate.dialect.MySQLDialect instead
2025-08-15 08:30:42 - o.hibernate.orm.connections.pooling - HHH10001005: Database info:
	Database JDBC URL [Connecting through datasource 'HikariDataSource (HikariPool-1)']
	Database driver: undefined/unknown
	Database version: 8.0
	Autocommit mode: undefined/unknown
	Isolation level: undefined/unknown
	Minimum pool size: undefined/unknown
	Maximum pool size: undefined/unknown
2025-08-15 08:30:42 - o.h.e.t.j.p.i.JtaPlatformInitiator - HHH000489: No JTA platform available (set 'hibernate.transaction.jta.platform' to enable JTA platform integration)
2025-08-15 08:30:42 - o.s.o.j.LocalContainerEntityManagerFactoryBean - Initialized JPA EntityManagerFactory for persistence unit 'default'
2025-08-15 08:30:47 - o.s.b.a.o.j.JpaBaseConfiguration$JpaWebConfiguration - spring.jpa.open-in-view is enabled by default. Therefore, database queries may be performed during view rendering. Explicitly configure spring.jpa.open-in-view to disable this warning
2025-08-15 08:30:47 - o.s.b.d.a.OptionalLiveReloadServer - LiveReload server is running on port 35729
2025-08-15 08:30:47 - o.s.b.w.e.tomcat.TomcatWebServer - Tomcat started on port 8080 (http) with context path '/'
2025-08-15 08:30:47 - c.c.project.ProjectApplication - Started ProjectApplication in 8.554 seconds (process running for 8.963)
2025-08-15 08:31:06 - o.a.c.c.C.[Tomcat].[localhost].[/] - Initializing Spring DispatcherServlet 'dispatcherServlet'
2025-08-15 08:31:06 - o.s.web.servlet.DispatcherServlet - Initializing Servlet 'dispatcherServlet'
2025-08-15 08:31:06 - o.s.web.servlet.DispatcherServlet - Completed initialization in 2 ms
2025-08-15 08:31:45 - o.s.w.s.m.m.a.ExceptionHandlerExceptionResolver - Resolved [com.checkbuy.project.domain.exception.ProdutoReferenciaNaoEncontrado: Produto Referência ID: 69 não foi encontrado!]
2025-08-15 08:31:57 - o.s.w.s.m.m.a.ExceptionHandlerExceptionResolver - Resolved [com.checkbuy.project.domain.exception.ProdutoReferenciaNaoEncontrado: Produto Referência ID: 96 não foi encontrado!]
2025-08-15 08:32:39 - o.s.w.s.m.m.a.ExceptionHandlerExceptionResolver - Resolved [com.checkbuy.project.domain.exception.ProdutoReferenciaNaoEncontrado: Produto Referência ID: 787 não foi encontrado!]
2025-08-15 08:32:52 - o.s.d.w.c.SpringDataJacksonConfiguration$PageModule$WarningLoggingModifier - Serializing PageImpl instances as-is is not supported, meaning that there is no guarantee about the stability of the resulting JSON structure!
	For a stable JSON structure, please use Spring Data's PagedModel (globally via @EnableSpringDataWebSupport(pageSerializationMode = VIA_DTO))
	or Spring HATEOAS and Spring Data's PagedResourcesAssembler as documented in https://docs.spring.io/spring-data/commons/reference/repositories/core-extensions.html#core.web.pageables.

2025-08-15 08:37:16 - o.s.b.w.e.tomcat.GracefulShutdown - Commencing graceful shutdown. Waiting for active requests to complete
2025-08-15 08:37:16 - o.s.b.w.e.tomcat.GracefulShutdown - Graceful shutdown complete
2025-08-15 08:37:16 - o.s.o.j.LocalContainerEntityManagerFactoryBean - Closing JPA EntityManagerFactory for persistence unit 'default'
2025-08-15 08:37:16 - com.zaxxer.hikari.HikariDataSource - HikariPool-1 - Shutdown initiated...
2025-08-15 08:37:16 - com.zaxxer.hikari.HikariDataSource - HikariPool-1 - Shutdown completed.
