2025-08-13 09:15:23 - c.c.project.ProjectApplication - Starting ProjectApplication using Java 20.0.1 with PID 2704 (C:\Users\jackson.lourenco\Documents\GitHub\pitch-final-entra21-backend\project\target\classes started by jackson.lourenco in C:\Users\jackson.lourenco\Documents\GitHub\pitch-final-entra21-backend\project)
2025-08-13 09:15:23 - c.c.project.ProjectApplication - No active profile set, falling back to 1 default profile: "default"
2025-08-13 09:15:23 - o.s.b.d.e.DevToolsPropertyDefaultsPostProcessor - Devtools property defaults active! Set 'spring.devtools.add-properties' to 'false' to disable
2025-08-13 09:15:23 - o.s.b.d.e.DevToolsPropertyDefaultsPostProcessor - For additional web related logging consider setting the 'logging.level.web' property to 'DEBUG'
2025-08-13 09:15:24 - o.s.d.r.c.RepositoryConfigurationDelegate - Bootstrapping Spring Data JPA repositories in DEFAULT mode.
2025-08-13 09:15:24 - o.s.d.r.c.RepositoryConfigurationDelegate - Finished Spring Data repository scanning in 62 ms. Found 9 JPA repository interfaces.
2025-08-13 09:15:24 - o.s.b.w.e.tomcat.TomcatWebServer - Tomcat initialized with port 8080 (http)
2025-08-13 09:15:24 - o.a.catalina.core.StandardService - Starting service [Tomcat]
2025-08-13 09:15:24 - o.a.catalina.core.StandardEngine - Starting Servlet engine: [Apache Tomcat/10.1.43]
2025-08-13 09:15:24 - o.a.c.c.C.[Tomcat].[localhost].[/] - Initializing Spring embedded WebApplicationContext
2025-08-13 09:15:24 - o.s.b.w.s.c.ServletWebServerApplicationContext - Root WebApplicationContext: initialization completed in 1403 ms
2025-08-13 09:15:25 - com.zaxxer.hikari.HikariDataSource - HikariPool-1 - Starting...
2025-08-13 09:15:25 - i.o.api.GlobalOpenTelemetry - AutoConfiguredOpenTelemetrySdk found on classpath but automatic configuration is disabled. To enable, run your JVM with -Dotel.java.global-autoconfigure.enabled=true
2025-08-13 09:15:25 - com.zaxxer.hikari.pool.HikariPool - HikariPool-1 - Added connection com.mysql.cj.jdbc.ConnectionImpl@1e9fc800
2025-08-13 09:15:25 - com.zaxxer.hikari.HikariDataSource - HikariPool-1 - Start completed.
2025-08-13 09:15:25 - o.f.c.i.r.ResourceNameValidator - 1 SQL migrations were detected but not run because they did not follow the filename convention.
2025-08-13 09:15:25 - o.f.c.i.r.ResourceNameValidator - Set 'validateMigrationNaming' to true to fail fast and see a list of the invalid file names.
2025-08-13 09:15:25 - org.flywaydb.core.FlywayExecutor - Database: jdbc:mysql://localhost:3306/checkbuy?createDatabaseIfNotExist=true (MySQL 8.0)
2025-08-13 09:15:25 - o.s.b.w.s.c.AnnotationConfigServletWebServerApplicationContext - Exception encountered during context initialization - cancelling refresh attempt: org.springframework.beans.factory.BeanCreationException: Error creating bean with name 'entityManagerFactory' defined in class path resource [org/springframework/boot/autoconfigure/orm/jpa/HibernateJpaConfiguration.class]: Failed to initialize dependency 'flywayInitializer' of LoadTimeWeaverAware bean 'entityManagerFactory': Error creating bean with name 'flywayInitializer' defined in class path resource [org/springframework/boot/autoconfigure/flyway/FlywayAutoConfiguration$FlywayConfiguration.class]: Found more than one migration with version 3
Offenders:
-> C:\Users\jackson.lourenco\Documents\GitHub\pitch-final-entra21-backend\project\target\classes\db\migration\V3__insert-data-koch.sql (SQL)
-> C:\Users\jackson.lourenco\Documents\GitHub\pitch-final-entra21-backend\project\target\classes\db\migration\V3__criando-tb-user.sql (SQL)
2025-08-13 09:15:25 - com.zaxxer.hikari.HikariDataSource - HikariPool-1 - Shutdown initiated...
2025-08-13 09:15:25 - com.zaxxer.hikari.HikariDataSource - HikariPool-1 - Shutdown completed.
2025-08-13 09:15:25 - o.a.catalina.core.StandardService - Stopping service [Tomcat]
2025-08-13 09:15:25 - o.s.b.a.l.ConditionEvaluationReportLogger - 

Error starting ApplicationContext. To display the condition evaluation report re-run your application with 'debug' enabled.
2025-08-13 09:15:25 - o.s.boot.SpringApplication - Application run failed
org.springframework.beans.factory.BeanCreationException: Error creating bean with name 'entityManagerFactory' defined in class path resource [org/springframework/boot/autoconfigure/orm/jpa/HibernateJpaConfiguration.class]: Failed to initialize dependency 'flywayInitializer' of LoadTimeWeaverAware bean 'entityManagerFactory': Error creating bean with name 'flywayInitializer' defined in class path resource [org/springframework/boot/autoconfigure/flyway/FlywayAutoConfiguration$FlywayConfiguration.class]: Found more than one migration with version 3
Offenders:
-> C:\Users\jackson.lourenco\Documents\GitHub\pitch-final-entra21-backend\project\target\classes\db\migration\V3__insert-data-koch.sql (SQL)
-> C:\Users\jackson.lourenco\Documents\GitHub\pitch-final-entra21-backend\project\target\classes\db\migration\V3__criando-tb-user.sql (SQL)
	at org.springframework.beans.factory.support.AbstractBeanFactory.doGetBean(AbstractBeanFactory.java:328)
	at org.springframework.beans.factory.support.AbstractBeanFactory.getBean(AbstractBeanFactory.java:207)
	at org.springframework.context.support.AbstractApplicationContext.finishBeanFactoryInitialization(AbstractApplicationContext.java:970)
	at org.springframework.context.support.AbstractApplicationContext.refresh(AbstractApplicationContext.java:627)
	at org.springframework.boot.web.servlet.context.ServletWebServerApplicationContext.refresh(ServletWebServerApplicationContext.java:146)
	at org.springframework.boot.SpringApplication.refresh(SpringApplication.java:752)
	at org.springframework.boot.SpringApplication.refreshContext(SpringApplication.java:439)
	at org.springframework.boot.SpringApplication.run(SpringApplication.java:318)
	at org.springframework.boot.SpringApplication.run(SpringApplication.java:1361)
	at org.springframework.boot.SpringApplication.run(SpringApplication.java:1350)
	at com.checkbuy.project.ProjectApplication.main(ProjectApplication.java:9)
	at java.base/jdk.internal.reflect.DirectMethodHandleAccessor.invoke(DirectMethodHandleAccessor.java:104)
	at java.base/java.lang.reflect.Method.invoke(Method.java:578)
	at org.springframework.boot.devtools.restart.RestartLauncher.run(RestartLauncher.java:50)
Caused by: org.springframework.beans.factory.BeanCreationException: Error creating bean with name 'flywayInitializer' defined in class path resource [org/springframework/boot/autoconfigure/flyway/FlywayAutoConfiguration$FlywayConfiguration.class]: Found more than one migration with version 3
Offenders:
-> C:\Users\jackson.lourenco\Documents\GitHub\pitch-final-entra21-backend\project\target\classes\db\migration\V3__insert-data-koch.sql (SQL)
-> C:\Users\jackson.lourenco\Documents\GitHub\pitch-final-entra21-backend\project\target\classes\db\migration\V3__criando-tb-user.sql (SQL)
	at org.springframework.beans.factory.support.AbstractAutowireCapableBeanFactory.initializeBean(AbstractAutowireCapableBeanFactory.java:1826)
	at org.springframework.beans.factory.support.AbstractAutowireCapableBeanFactory.doCreateBean(AbstractAutowireCapableBeanFactory.java:607)
	at org.springframework.beans.factory.support.AbstractAutowireCapableBeanFactory.createBean(AbstractAutowireCapableBeanFactory.java:529)
	at org.springframework.beans.factory.support.AbstractBeanFactory.lambda$doGetBean$0(AbstractBeanFactory.java:339)
	at org.springframework.beans.factory.support.DefaultSingletonBeanRegistry.getSingleton(DefaultSingletonBeanRegistry.java:373)
	at org.springframework.beans.factory.support.AbstractBeanFactory.doGetBean(AbstractBeanFactory.java:337)
	at org.springframework.beans.factory.support.AbstractBeanFactory.getBean(AbstractBeanFactory.java:202)
	at org.springframework.beans.factory.support.AbstractBeanFactory.doGetBean(AbstractBeanFactory.java:315)
	... 13 common frames omitted
Caused by: org.flywaydb.core.api.FlywayException: Found more than one migration with version 3
Offenders:
-> C:\Users\jackson.lourenco\Documents\GitHub\pitch-final-entra21-backend\project\target\classes\db\migration\V3__insert-data-koch.sql (SQL)
-> C:\Users\jackson.lourenco\Documents\GitHub\pitch-final-entra21-backend\project\target\classes\db\migration\V3__criando-tb-user.sql (SQL)
	at org.flywaydb.core.internal.resolver.CompositeMigrationResolver.checkForIncompatibilities(CompositeMigrationResolver.java:92)
	at org.flywaydb.core.internal.resolver.CompositeMigrationResolver.doFindAvailableMigrations(CompositeMigrationResolver.java:125)
	at org.flywaydb.core.internal.resolver.CompositeMigrationResolver.resolveMigrations(CompositeMigrationResolver.java:112)
	at org.flywaydb.core.internal.resolver.CompositeMigrationResolver.resolveMigrations(CompositeMigrationResolver.java:118)
	at org.flywaydb.core.internal.info.MigrationInfoServiceImpl.refresh(MigrationInfoServiceImpl.java:86)
	at org.flywaydb.core.internal.command.DbValidate.lambda$validate$0(DbValidate.java:112)
	at org.flywaydb.core.internal.jdbc.TransactionalExecutionTemplate.execute(TransactionalExecutionTemplate.java:59)
	at org.flywaydb.core.internal.command.DbValidate.validate(DbValidate.java:105)
	at org.flywaydb.core.Flyway.doValidate(Flyway.java:529)
	at org.flywaydb.core.Flyway.lambda$migrate$1(Flyway.java:199)
	at org.flywaydb.core.FlywayExecutor.execute(FlywayExecutor.java:210)
	at org.flywaydb.core.Flyway.migrate(Flyway.java:188)
	at org.springframework.boot.autoconfigure.flyway.FlywayMigrationInitializer.afterPropertiesSet(FlywayMigrationInitializer.java:66)
	at org.springframework.beans.factory.support.AbstractAutowireCapableBeanFactory.invokeInitMethods(AbstractAutowireCapableBeanFactory.java:1873)
	at org.springframework.beans.factory.support.AbstractAutowireCapableBeanFactory.initializeBean(AbstractAutowireCapableBeanFactory.java:1822)
	... 20 common frames omitted
2025-08-13 09:16:16 - c.c.project.ProjectApplication - Starting ProjectApplication using Java 20.0.1 with PID 6956 (C:\Users\jackson.lourenco\Documents\GitHub\pitch-final-entra21-backend\project\target\classes started by jackson.lourenco in C:\Users\jackson.lourenco\Documents\GitHub\pitch-final-entra21-backend\project)
2025-08-13 09:16:16 - c.c.project.ProjectApplication - No active profile set, falling back to 1 default profile: "default"
2025-08-13 09:16:16 - o.s.b.d.e.DevToolsPropertyDefaultsPostProcessor - Devtools property defaults active! Set 'spring.devtools.add-properties' to 'false' to disable
2025-08-13 09:16:16 - o.s.b.d.e.DevToolsPropertyDefaultsPostProcessor - For additional web related logging consider setting the 'logging.level.web' property to 'DEBUG'
2025-08-13 09:16:17 - o.s.d.r.c.RepositoryConfigurationDelegate - Bootstrapping Spring Data JPA repositories in DEFAULT mode.
2025-08-13 09:16:17 - o.s.d.r.c.RepositoryConfigurationDelegate - Finished Spring Data repository scanning in 65 ms. Found 9 JPA repository interfaces.
2025-08-13 09:16:17 - o.s.b.w.e.tomcat.TomcatWebServer - Tomcat initialized with port 8080 (http)
2025-08-13 09:16:17 - o.a.catalina.core.StandardService - Starting service [Tomcat]
2025-08-13 09:16:17 - o.a.catalina.core.StandardEngine - Starting Servlet engine: [Apache Tomcat/10.1.43]
2025-08-13 09:16:17 - o.a.c.c.C.[Tomcat].[localhost].[/] - Initializing Spring embedded WebApplicationContext
2025-08-13 09:16:17 - o.s.b.w.s.c.ServletWebServerApplicationContext - Root WebApplicationContext: initialization completed in 1316 ms
2025-08-13 09:16:18 - com.zaxxer.hikari.HikariDataSource - HikariPool-1 - Starting...
2025-08-13 09:16:18 - i.o.api.GlobalOpenTelemetry - AutoConfiguredOpenTelemetrySdk found on classpath but automatic configuration is disabled. To enable, run your JVM with -Dotel.java.global-autoconfigure.enabled=true
2025-08-13 09:16:18 - com.zaxxer.hikari.pool.HikariPool - HikariPool-1 - Added connection com.mysql.cj.jdbc.ConnectionImpl@7709ab84
2025-08-13 09:16:18 - com.zaxxer.hikari.HikariDataSource - HikariPool-1 - Start completed.
2025-08-13 09:16:18 - o.f.c.i.r.ResourceNameValidator - 1 SQL migrations were detected but not run because they did not follow the filename convention.
2025-08-13 09:16:18 - o.f.c.i.r.ResourceNameValidator - Set 'validateMigrationNaming' to true to fail fast and see a list of the invalid file names.
2025-08-13 09:16:18 - org.flywaydb.core.FlywayExecutor - Database: jdbc:mysql://localhost:3306/checkbuy?createDatabaseIfNotExist=true (MySQL 8.0)
2025-08-13 09:16:18 - o.s.b.w.s.c.AnnotationConfigServletWebServerApplicationContext - Exception encountered during context initialization - cancelling refresh attempt: org.springframework.beans.factory.BeanCreationException: Error creating bean with name 'entityManagerFactory' defined in class path resource [org/springframework/boot/autoconfigure/orm/jpa/HibernateJpaConfiguration.class]: Failed to initialize dependency 'flywayInitializer' of LoadTimeWeaverAware bean 'entityManagerFactory': Error creating bean with name 'flywayInitializer' defined in class path resource [org/springframework/boot/autoconfigure/flyway/FlywayAutoConfiguration$FlywayConfiguration.class]: Found more than one migration with version 3
Offenders:
-> C:\Users\jackson.lourenco\Documents\GitHub\pitch-final-entra21-backend\project\target\classes\db\migration\V3__criando-tb-user.sql (SQL)
-> C:\Users\jackson.lourenco\Documents\GitHub\pitch-final-entra21-backend\project\target\classes\db\migration\V3__insert-data-koch.sql (SQL)
2025-08-13 09:16:18 - com.zaxxer.hikari.HikariDataSource - HikariPool-1 - Shutdown initiated...
2025-08-13 09:16:18 - com.zaxxer.hikari.HikariDataSource - HikariPool-1 - Shutdown completed.
2025-08-13 09:16:18 - o.a.catalina.core.StandardService - Stopping service [Tomcat]
2025-08-13 09:16:18 - o.s.b.a.l.ConditionEvaluationReportLogger - 

Error starting ApplicationContext. To display the condition evaluation report re-run your application with 'debug' enabled.
2025-08-13 09:16:18 - o.s.boot.SpringApplication - Application run failed
org.springframework.beans.factory.BeanCreationException: Error creating bean with name 'entityManagerFactory' defined in class path resource [org/springframework/boot/autoconfigure/orm/jpa/HibernateJpaConfiguration.class]: Failed to initialize dependency 'flywayInitializer' of LoadTimeWeaverAware bean 'entityManagerFactory': Error creating bean with name 'flywayInitializer' defined in class path resource [org/springframework/boot/autoconfigure/flyway/FlywayAutoConfiguration$FlywayConfiguration.class]: Found more than one migration with version 3
Offenders:
-> C:\Users\jackson.lourenco\Documents\GitHub\pitch-final-entra21-backend\project\target\classes\db\migration\V3__criando-tb-user.sql (SQL)
-> C:\Users\jackson.lourenco\Documents\GitHub\pitch-final-entra21-backend\project\target\classes\db\migration\V3__insert-data-koch.sql (SQL)
	at org.springframework.beans.factory.support.AbstractBeanFactory.doGetBean(AbstractBeanFactory.java:328)
	at org.springframework.beans.factory.support.AbstractBeanFactory.getBean(AbstractBeanFactory.java:207)
	at org.springframework.context.support.AbstractApplicationContext.finishBeanFactoryInitialization(AbstractApplicationContext.java:970)
	at org.springframework.context.support.AbstractApplicationContext.refresh(AbstractApplicationContext.java:627)
	at org.springframework.boot.web.servlet.context.ServletWebServerApplicationContext.refresh(ServletWebServerApplicationContext.java:146)
	at org.springframework.boot.SpringApplication.refresh(SpringApplication.java:752)
	at org.springframework.boot.SpringApplication.refreshContext(SpringApplication.java:439)
	at org.springframework.boot.SpringApplication.run(SpringApplication.java:318)
	at org.springframework.boot.SpringApplication.run(SpringApplication.java:1361)
	at org.springframework.boot.SpringApplication.run(SpringApplication.java:1350)
	at com.checkbuy.project.ProjectApplication.main(ProjectApplication.java:9)
	at java.base/jdk.internal.reflect.DirectMethodHandleAccessor.invoke(DirectMethodHandleAccessor.java:104)
	at java.base/java.lang.reflect.Method.invoke(Method.java:578)
	at org.springframework.boot.devtools.restart.RestartLauncher.run(RestartLauncher.java:50)
Caused by: org.springframework.beans.factory.BeanCreationException: Error creating bean with name 'flywayInitializer' defined in class path resource [org/springframework/boot/autoconfigure/flyway/FlywayAutoConfiguration$FlywayConfiguration.class]: Found more than one migration with version 3
Offenders:
-> C:\Users\jackson.lourenco\Documents\GitHub\pitch-final-entra21-backend\project\target\classes\db\migration\V3__criando-tb-user.sql (SQL)
-> C:\Users\jackson.lourenco\Documents\GitHub\pitch-final-entra21-backend\project\target\classes\db\migration\V3__insert-data-koch.sql (SQL)
	at org.springframework.beans.factory.support.AbstractAutowireCapableBeanFactory.initializeBean(AbstractAutowireCapableBeanFactory.java:1826)
	at org.springframework.beans.factory.support.AbstractAutowireCapableBeanFactory.doCreateBean(AbstractAutowireCapableBeanFactory.java:607)
	at org.springframework.beans.factory.support.AbstractAutowireCapableBeanFactory.createBean(AbstractAutowireCapableBeanFactory.java:529)
	at org.springframework.beans.factory.support.AbstractBeanFactory.lambda$doGetBean$0(AbstractBeanFactory.java:339)
	at org.springframework.beans.factory.support.DefaultSingletonBeanRegistry.getSingleton(DefaultSingletonBeanRegistry.java:373)
	at org.springframework.beans.factory.support.AbstractBeanFactory.doGetBean(AbstractBeanFactory.java:337)
	at org.springframework.beans.factory.support.AbstractBeanFactory.getBean(AbstractBeanFactory.java:202)
	at org.springframework.beans.factory.support.AbstractBeanFactory.doGetBean(AbstractBeanFactory.java:315)
	... 13 common frames omitted
Caused by: org.flywaydb.core.api.FlywayException: Found more than one migration with version 3
Offenders:
-> C:\Users\jackson.lourenco\Documents\GitHub\pitch-final-entra21-backend\project\target\classes\db\migration\V3__criando-tb-user.sql (SQL)
-> C:\Users\jackson.lourenco\Documents\GitHub\pitch-final-entra21-backend\project\target\classes\db\migration\V3__insert-data-koch.sql (SQL)
	at org.flywaydb.core.internal.resolver.CompositeMigrationResolver.checkForIncompatibilities(CompositeMigrationResolver.java:92)
	at org.flywaydb.core.internal.resolver.CompositeMigrationResolver.doFindAvailableMigrations(CompositeMigrationResolver.java:125)
	at org.flywaydb.core.internal.resolver.CompositeMigrationResolver.resolveMigrations(CompositeMigrationResolver.java:112)
	at org.flywaydb.core.internal.resolver.CompositeMigrationResolver.resolveMigrations(CompositeMigrationResolver.java:118)
	at org.flywaydb.core.internal.info.MigrationInfoServiceImpl.refresh(MigrationInfoServiceImpl.java:86)
	at org.flywaydb.core.internal.command.DbValidate.lambda$validate$0(DbValidate.java:112)
	at org.flywaydb.core.internal.jdbc.TransactionalExecutionTemplate.execute(TransactionalExecutionTemplate.java:59)
	at org.flywaydb.core.internal.command.DbValidate.validate(DbValidate.java:105)
	at org.flywaydb.core.Flyway.doValidate(Flyway.java:529)
	at org.flywaydb.core.Flyway.lambda$migrate$1(Flyway.java:199)
	at org.flywaydb.core.FlywayExecutor.execute(FlywayExecutor.java:210)
	at org.flywaydb.core.Flyway.migrate(Flyway.java:188)
	at org.springframework.boot.autoconfigure.flyway.FlywayMigrationInitializer.afterPropertiesSet(FlywayMigrationInitializer.java:66)
	at org.springframework.beans.factory.support.AbstractAutowireCapableBeanFactory.invokeInitMethods(AbstractAutowireCapableBeanFactory.java:1873)
	at org.springframework.beans.factory.support.AbstractAutowireCapableBeanFactory.initializeBean(AbstractAutowireCapableBeanFactory.java:1822)
	... 20 common frames omitted
2025-08-13 09:18:18 - c.c.project.ProjectApplication - Starting ProjectApplication using Java 20.0.1 with PID 6396 (C:\Users\jackson.lourenco\Documents\GitHub\pitch-final-entra21-backend\project\target\classes started by jackson.lourenco in C:\Users\jackson.lourenco\Documents\GitHub\pitch-final-entra21-backend\project)
2025-08-13 09:18:18 - c.c.project.ProjectApplication - No active profile set, falling back to 1 default profile: "default"
2025-08-13 09:18:18 - o.s.b.d.e.DevToolsPropertyDefaultsPostProcessor - Devtools property defaults active! Set 'spring.devtools.add-properties' to 'false' to disable
2025-08-13 09:18:18 - o.s.b.d.e.DevToolsPropertyDefaultsPostProcessor - For additional web related logging consider setting the 'logging.level.web' property to 'DEBUG'
2025-08-13 09:18:19 - o.s.d.r.c.RepositoryConfigurationDelegate - Bootstrapping Spring Data JPA repositories in DEFAULT mode.
2025-08-13 09:18:19 - o.s.d.r.c.RepositoryConfigurationDelegate - Finished Spring Data repository scanning in 66 ms. Found 9 JPA repository interfaces.
2025-08-13 09:18:20 - o.s.b.w.e.tomcat.TomcatWebServer - Tomcat initialized with port 8080 (http)
2025-08-13 09:18:20 - o.a.catalina.core.StandardService - Starting service [Tomcat]
2025-08-13 09:18:20 - o.a.catalina.core.StandardEngine - Starting Servlet engine: [Apache Tomcat/10.1.43]
2025-08-13 09:18:20 - o.a.c.c.C.[Tomcat].[localhost].[/] - Initializing Spring embedded WebApplicationContext
2025-08-13 09:18:20 - o.s.b.w.s.c.ServletWebServerApplicationContext - Root WebApplicationContext: initialization completed in 1491 ms
2025-08-13 09:18:20 - com.zaxxer.hikari.HikariDataSource - HikariPool-1 - Starting...
2025-08-13 09:18:20 - i.o.api.GlobalOpenTelemetry - AutoConfiguredOpenTelemetrySdk found on classpath but automatic configuration is disabled. To enable, run your JVM with -Dotel.java.global-autoconfigure.enabled=true
2025-08-13 09:18:21 - com.zaxxer.hikari.pool.HikariPool - HikariPool-1 - Added connection com.mysql.cj.jdbc.ConnectionImpl@1e9fc800
2025-08-13 09:18:21 - com.zaxxer.hikari.HikariDataSource - HikariPool-1 - Start completed.
2025-08-13 09:18:21 - o.f.c.i.r.ResourceNameValidator - 1 SQL migrations were detected but not run because they did not follow the filename convention.
2025-08-13 09:18:21 - o.f.c.i.r.ResourceNameValidator - Set 'validateMigrationNaming' to true to fail fast and see a list of the invalid file names.
2025-08-13 09:18:21 - org.flywaydb.core.FlywayExecutor - Database: jdbc:mysql://localhost:3306/checkbuy?createDatabaseIfNotExist=true (MySQL 8.0)
2025-08-13 09:18:21 - o.s.b.w.s.c.AnnotationConfigServletWebServerApplicationContext - Exception encountered during context initialization - cancelling refresh attempt: org.springframework.beans.factory.BeanCreationException: Error creating bean with name 'entityManagerFactory' defined in class path resource [org/springframework/boot/autoconfigure/orm/jpa/HibernateJpaConfiguration.class]: Failed to initialize dependency 'flywayInitializer' of LoadTimeWeaverAware bean 'entityManagerFactory': Error creating bean with name 'flywayInitializer' defined in class path resource [org/springframework/boot/autoconfigure/flyway/FlywayAutoConfiguration$FlywayConfiguration.class]: Found more than one migration with version 3
Offenders:
-> C:\Users\jackson.lourenco\Documents\GitHub\pitch-final-entra21-backend\project\target\classes\db\migration\V3__insert-data-koch.sql (SQL)
-> C:\Users\jackson.lourenco\Documents\GitHub\pitch-final-entra21-backend\project\target\classes\db\migration\V3__criando-tb-user.sql (SQL)
2025-08-13 09:18:21 - com.zaxxer.hikari.HikariDataSource - HikariPool-1 - Shutdown initiated...
2025-08-13 09:18:21 - com.zaxxer.hikari.HikariDataSource - HikariPool-1 - Shutdown completed.
2025-08-13 09:18:21 - o.a.catalina.core.StandardService - Stopping service [Tomcat]
2025-08-13 09:18:21 - o.s.b.a.l.ConditionEvaluationReportLogger - 

Error starting ApplicationContext. To display the condition evaluation report re-run your application with 'debug' enabled.
2025-08-13 09:18:21 - o.s.boot.SpringApplication - Application run failed
org.springframework.beans.factory.BeanCreationException: Error creating bean with name 'entityManagerFactory' defined in class path resource [org/springframework/boot/autoconfigure/orm/jpa/HibernateJpaConfiguration.class]: Failed to initialize dependency 'flywayInitializer' of LoadTimeWeaverAware bean 'entityManagerFactory': Error creating bean with name 'flywayInitializer' defined in class path resource [org/springframework/boot/autoconfigure/flyway/FlywayAutoConfiguration$FlywayConfiguration.class]: Found more than one migration with version 3
Offenders:
-> C:\Users\jackson.lourenco\Documents\GitHub\pitch-final-entra21-backend\project\target\classes\db\migration\V3__insert-data-koch.sql (SQL)
-> C:\Users\jackson.lourenco\Documents\GitHub\pitch-final-entra21-backend\project\target\classes\db\migration\V3__criando-tb-user.sql (SQL)
	at org.springframework.beans.factory.support.AbstractBeanFactory.doGetBean(AbstractBeanFactory.java:328)
	at org.springframework.beans.factory.support.AbstractBeanFactory.getBean(AbstractBeanFactory.java:207)
	at org.springframework.context.support.AbstractApplicationContext.finishBeanFactoryInitialization(AbstractApplicationContext.java:970)
	at org.springframework.context.support.AbstractApplicationContext.refresh(AbstractApplicationContext.java:627)
	at org.springframework.boot.web.servlet.context.ServletWebServerApplicationContext.refresh(ServletWebServerApplicationContext.java:146)
	at org.springframework.boot.SpringApplication.refresh(SpringApplication.java:752)
	at org.springframework.boot.SpringApplication.refreshContext(SpringApplication.java:439)
	at org.springframework.boot.SpringApplication.run(SpringApplication.java:318)
	at org.springframework.boot.SpringApplication.run(SpringApplication.java:1361)
	at org.springframework.boot.SpringApplication.run(SpringApplication.java:1350)
	at com.checkbuy.project.ProjectApplication.main(ProjectApplication.java:9)
	at java.base/jdk.internal.reflect.DirectMethodHandleAccessor.invoke(DirectMethodHandleAccessor.java:104)
	at java.base/java.lang.reflect.Method.invoke(Method.java:578)
	at org.springframework.boot.devtools.restart.RestartLauncher.run(RestartLauncher.java:50)
Caused by: org.springframework.beans.factory.BeanCreationException: Error creating bean with name 'flywayInitializer' defined in class path resource [org/springframework/boot/autoconfigure/flyway/FlywayAutoConfiguration$FlywayConfiguration.class]: Found more than one migration with version 3
Offenders:
-> C:\Users\jackson.lourenco\Documents\GitHub\pitch-final-entra21-backend\project\target\classes\db\migration\V3__insert-data-koch.sql (SQL)
-> C:\Users\jackson.lourenco\Documents\GitHub\pitch-final-entra21-backend\project\target\classes\db\migration\V3__criando-tb-user.sql (SQL)
	at org.springframework.beans.factory.support.AbstractAutowireCapableBeanFactory.initializeBean(AbstractAutowireCapableBeanFactory.java:1826)
	at org.springframework.beans.factory.support.AbstractAutowireCapableBeanFactory.doCreateBean(AbstractAutowireCapableBeanFactory.java:607)
	at org.springframework.beans.factory.support.AbstractAutowireCapableBeanFactory.createBean(AbstractAutowireCapableBeanFactory.java:529)
	at org.springframework.beans.factory.support.AbstractBeanFactory.lambda$doGetBean$0(AbstractBeanFactory.java:339)
	at org.springframework.beans.factory.support.DefaultSingletonBeanRegistry.getSingleton(DefaultSingletonBeanRegistry.java:373)
	at org.springframework.beans.factory.support.AbstractBeanFactory.doGetBean(AbstractBeanFactory.java:337)
	at org.springframework.beans.factory.support.AbstractBeanFactory.getBean(AbstractBeanFactory.java:202)
	at org.springframework.beans.factory.support.AbstractBeanFactory.doGetBean(AbstractBeanFactory.java:315)
	... 13 common frames omitted
Caused by: org.flywaydb.core.api.FlywayException: Found more than one migration with version 3
Offenders:
-> C:\Users\jackson.lourenco\Documents\GitHub\pitch-final-entra21-backend\project\target\classes\db\migration\V3__insert-data-koch.sql (SQL)
-> C:\Users\jackson.lourenco\Documents\GitHub\pitch-final-entra21-backend\project\target\classes\db\migration\V3__criando-tb-user.sql (SQL)
	at org.flywaydb.core.internal.resolver.CompositeMigrationResolver.checkForIncompatibilities(CompositeMigrationResolver.java:92)
	at org.flywaydb.core.internal.resolver.CompositeMigrationResolver.doFindAvailableMigrations(CompositeMigrationResolver.java:125)
	at org.flywaydb.core.internal.resolver.CompositeMigrationResolver.resolveMigrations(CompositeMigrationResolver.java:112)
	at org.flywaydb.core.internal.resolver.CompositeMigrationResolver.resolveMigrations(CompositeMigrationResolver.java:118)
	at org.flywaydb.core.internal.info.MigrationInfoServiceImpl.refresh(MigrationInfoServiceImpl.java:86)
	at org.flywaydb.core.internal.command.DbValidate.lambda$validate$0(DbValidate.java:112)
	at org.flywaydb.core.internal.jdbc.TransactionalExecutionTemplate.execute(TransactionalExecutionTemplate.java:59)
	at org.flywaydb.core.internal.command.DbValidate.validate(DbValidate.java:105)
	at org.flywaydb.core.Flyway.doValidate(Flyway.java:529)
	at org.flywaydb.core.Flyway.lambda$migrate$1(Flyway.java:199)
	at org.flywaydb.core.FlywayExecutor.execute(FlywayExecutor.java:210)
	at org.flywaydb.core.Flyway.migrate(Flyway.java:188)
	at org.springframework.boot.autoconfigure.flyway.FlywayMigrationInitializer.afterPropertiesSet(FlywayMigrationInitializer.java:66)
	at org.springframework.beans.factory.support.AbstractAutowireCapableBeanFactory.invokeInitMethods(AbstractAutowireCapableBeanFactory.java:1873)
	at org.springframework.beans.factory.support.AbstractAutowireCapableBeanFactory.initializeBean(AbstractAutowireCapableBeanFactory.java:1822)
	... 20 common frames omitted
